[ 2016-12-18T10:31:45+08:00 ] ::1 /cms/admin
INFO: [ app_init ] --START--
INFO: Run Behavior\BuildLiteBehavior [ RunTime:0.000021s ]
INFO: [ app_init ] --END-- [ RunTime:0.010074s ]
INFO: [ app_begin ] --START--
INFO: Run Behavior\ReadHtmlCacheBehavior [ RunTime:0.053904s ]
INFO: [ app_begin ] --END-- [ RunTime:0.054025s ]
INFO: [ view_parse ] --START--
INFO: [ template_filter ] --START--
INFO: Run Behavior\ContentReplaceBehavior [ RunTime:0.000090s ]
INFO: [ template_filter ] --END-- [ RunTime:0.000180s ]
INFO: Run Behavior\ParseTemplateBehavior [ RunTime:0.163692s ]
INFO: [ view_parse ] --END-- [ RunTime:0.163762s ]
INFO: [ view_filter ] --START--
INFO: Run Behavior\WriteHtmlCacheBehavior [ RunTime:0.027018s ]
INFO: [ view_filter ] --END-- [ RunTime:0.027091s ]
INFO: [ app_end ] --START--
INFO: Run Behavior\ShowPageTraceBehavior [ RunTime:0.002662s ]
INFO: [ app_end ] --END-- [ RunTime:0.002724s ]

[ 2016-12-18T10:31:48+08:00 ] ::1 /cms/index.php/Admin/index/checkd.html
INFO: [ app_init ] --START--
INFO: Run Behavior\BuildLiteBehavior [ RunTime:0.000021s ]
INFO: [ app_init ] --END-- [ RunTime:0.001000s ]
INFO: [ app_begin ] --START--
INFO: Run Behavior\ReadHtmlCacheBehavior [ RunTime:0.001488s ]
INFO: [ app_begin ] --END-- [ RunTime:0.001595s ]
SQL: SHOW COLUMNS FROM `think_admin` [ RunTime:0.0541s ]
SQL: SELECT * FROM `think_admin` WHERE ( admin_name="admin" ) LIMIT 1   [ RunTime:0.0005s ]

[ 2016-12-18T10:31:49+08:00 ] ::1 /cms/index.php/Admin/Menu/main.html
INFO: [ app_init ] --START--
INFO: Run Behavior\BuildLiteBehavior [ RunTime:0.000012s ]
INFO: [ app_init ] --END-- [ RunTime:0.000530s ]
INFO: [ app_begin ] --START--
INFO: Run Behavior\ReadHtmlCacheBehavior [ RunTime:0.000751s ]
INFO: [ app_begin ] --END-- [ RunTime:0.000810s ]
INFO: [ view_parse ] --START--
INFO: [ template_filter ] --START--
INFO: Run Behavior\ContentReplaceBehavior [ RunTime:0.000049s ]
INFO: [ template_filter ] --END-- [ RunTime:0.000122s ]
INFO: Run Behavior\ParseTemplateBehavior [ RunTime:0.034066s ]
INFO: [ view_parse ] --END-- [ RunTime:0.034117s ]
INFO: [ view_filter ] --START--
INFO: Run Behavior\WriteHtmlCacheBehavior [ RunTime:0.000692s ]
INFO: [ view_filter ] --END-- [ RunTime:0.000730s ]
INFO: [ app_end ] --START--
INFO: Run Behavior\ShowPageTraceBehavior [ RunTime:0.000862s ]
INFO: [ app_end ] --END-- [ RunTime:0.000912s ]

[ 2016-12-18T10:31:49+08:00 ] ::1 /cms/index.php/Admin/Menu/info.html
INFO: [ app_init ] --START--
INFO: Run Behavior\BuildLiteBehavior [ RunTime:0.000023s ]
INFO: [ app_init ] --END-- [ RunTime:0.000891s ]
INFO: [ app_begin ] --START--
INFO: Run Behavior\ReadHtmlCacheBehavior [ RunTime:0.000627s ]
INFO: [ app_begin ] --END-- [ RunTime:0.000681s ]
INFO: [ view_parse ] --START--
INFO: [ template_filter ] --START--
INFO: Run Behavior\ContentReplaceBehavior [ RunTime:0.000104s ]
INFO: [ template_filter ] --END-- [ RunTime:0.000201s ]
INFO: Run Behavior\ParseTemplateBehavior [ RunTime:0.060259s ]
INFO: [ view_parse ] --END-- [ RunTime:0.060360s ]
INFO: [ view_filter ] --START--
INFO: Run Behavior\WriteHtmlCacheBehavior [ RunTime:0.000644s ]
INFO: [ view_filter ] --END-- [ RunTime:0.000713s ]
INFO: [ app_end ] --START--
INFO: Run Behavior\ShowPageTraceBehavior [ RunTime:0.000808s ]
INFO: [ app_end ] --END-- [ RunTime:0.000872s ]

[ 2016-12-18T10:31:52+08:00 ] ::1 /cms/index.php/Admin/Menu/pass.html
INFO: [ app_init ] --START--
INFO: Run Behavior\BuildLiteBehavior [ RunTime:0.000013s ]
INFO: [ app_init ] --END-- [ RunTime:0.000699s ]
INFO: [ app_begin ] --START--
INFO: Run Behavior\ReadHtmlCacheBehavior [ RunTime:0.000876s ]
INFO: [ app_begin ] --END-- [ RunTime:0.000964s ]
INFO: [ view_parse ] --START--
INFO: [ template_filter ] --START--
INFO: Run Behavior\ContentReplaceBehavior [ RunTime:0.000077s ]
INFO: [ template_filter ] --END-- [ RunTime:0.000186s ]
INFO: Run Behavior\ParseTemplateBehavior [ RunTime:0.007589s ]
INFO: [ view_parse ] --END-- [ RunTime:0.007649s ]
INFO: [ view_filter ] --START--
INFO: Run Behavior\WriteHtmlCacheBehavior [ RunTime:0.000541s ]
INFO: [ view_filter ] --END-- [ RunTime:0.000579s ]
INFO: [ app_end ] --START--
INFO: Run Behavior\ShowPageTraceBehavior [ RunTime:0.000734s ]
INFO: [ app_end ] --END-- [ RunTime:0.000786s ]

[ 2016-12-18T10:33:14+08:00 ] ::1 /cms/index.php/Admin/Menu/add
INFO: [ app_init ] --START--
INFO: Run Behavior\BuildLiteBehavior [ RunTime:0.000013s ]
INFO: [ app_init ] --END-- [ RunTime:0.000480s ]
INFO: [ app_begin ] --START--
INFO: Run Behavior\ReadHtmlCacheBehavior [ RunTime:0.000578s ]
INFO: [ app_begin ] --END-- [ RunTime:0.000636s ]
INFO: [ view_parse ] --START--
INFO: [ template_filter ] --START--
INFO: Run Behavior\ContentReplaceBehavior [ RunTime:0.000093s ]
INFO: [ template_filter ] --END-- [ RunTime:0.000188s ]
INFO: Run Behavior\ParseTemplateBehavior [ RunTime:0.033822s ]
INFO: [ view_parse ] --END-- [ RunTime:0.033899s ]
INFO: [ view_filter ] --START--
INFO: Run Behavior\WriteHtmlCacheBehavior [ RunTime:0.000416s ]
INFO: [ view_filter ] --END-- [ RunTime:0.000465s ]
INFO: [ app_end ] --START--
INFO: Run Behavior\ShowPageTraceBehavior [ RunTime:0.000741s ]
INFO: [ app_end ] --END-- [ RunTime:0.000802s ]

[ 2016-12-18T10:33:21+08:00 ] ::1 /cms/index.php/Admin/Menu/add
INFO: [ app_init ] --START--
INFO: Run Behavior\BuildLiteBehavior [ RunTime:0.000011s ]
INFO: [ app_init ] --END-- [ RunTime:0.000481s ]
INFO: [ app_begin ] --START--
INFO: Run Behavior\ReadHtmlCacheBehavior [ RunTime:0.000624s ]
INFO: [ app_begin ] --END-- [ RunTime:0.000668s ]
SQL: SHOW COLUMNS FROM `think_menu` [ RunTime:0.0423s ]
SQL: INSERT INTO `think_menu` (`m_name`) VALUES ('菜地') [ RunTime:0.0461s ]

[ 2016-12-18T10:33:37+08:00 ] ::1 /cms/index.php/Admin/Menu/pass.html
INFO: [ app_init ] --START--
INFO: Run Behavior\BuildLiteBehavior [ RunTime:0.000015s ]
INFO: [ app_init ] --END-- [ RunTime:0.000508s ]
INFO: [ app_begin ] --START--
INFO: Run Behavior\ReadHtmlCacheBehavior [ RunTime:0.000654s ]
INFO: [ app_begin ] --END-- [ RunTime:0.000706s ]
INFO: [ view_parse ] --START--
INFO: [ template_filter ] --START--
INFO: Run Behavior\ContentReplaceBehavior [ RunTime:0.000037s ]
INFO: [ template_filter ] --END-- [ RunTime:0.000080s ]
INFO: Run Behavior\ParseTemplateBehavior [ RunTime:0.004964s ]
INFO: [ view_parse ] --END-- [ RunTime:0.005014s ]
INFO: [ view_filter ] --START--
INFO: Run Behavior\WriteHtmlCacheBehavior [ RunTime:0.000344s ]
INFO: [ view_filter ] --END-- [ RunTime:0.000378s ]
INFO: [ app_end ] --START--
INFO: Run Behavior\ShowPageTraceBehavior [ RunTime:0.000598s ]
INFO: [ app_end ] --END-- [ RunTime:0.000635s ]

[ 2016-12-18T11:07:16+08:00 ] ::1 /cms/index.php/Admin/Menu/getMenus
INFO: [ app_init ] --START--
INFO: Run Behavior\BuildLiteBehavior [ RunTime:0.000015s ]
INFO: [ app_init ] --END-- [ RunTime:0.000887s ]
INFO: [ app_begin ] --START--
INFO: Run Behavior\ReadHtmlCacheBehavior [ RunTime:0.001285s ]
INFO: [ app_begin ] --END-- [ RunTime:0.001335s ]
NOTIC: [8] Undefined variable: D E:\AppServ\www\cms\Application\Admin\Controller\MenuController.class.php 第 33 行.

[ 2016-12-18T11:08:15+08:00 ] ::1 /cms/index.php/Admin/getMenus
INFO: [ app_init ] --START--
INFO: Run Behavior\BuildLiteBehavior [ RunTime:0.000013s ]
INFO: [ app_init ] --END-- [ RunTime:0.000582s ]
INFO: [ app_begin ] --START--
INFO: Run Behavior\ReadHtmlCacheBehavior [ RunTime:0.000817s ]
INFO: [ app_begin ] --END-- [ RunTime:0.000863s ]
ERR: 无法加载控制器:GetMenus

[ 2016-12-18T11:08:22+08:00 ] ::1 /cms/index.php/Admin/Menu/pass.html
INFO: [ app_init ] --START--
INFO: Run Behavior\BuildLiteBehavior [ RunTime:0.000014s ]
INFO: [ app_init ] --END-- [ RunTime:0.000558s ]
INFO: [ app_begin ] --START--
INFO: Run Behavior\ReadHtmlCacheBehavior [ RunTime:0.001102s ]
INFO: [ app_begin ] --END-- [ RunTime:0.001188s ]
INFO: [ view_parse ] --START--
INFO: [ template_filter ] --START--
INFO: Run Behavior\ContentReplaceBehavior [ RunTime:0.000046s ]
INFO: [ template_filter ] --END-- [ RunTime:0.000102s ]
INFO: Run Behavior\ParseTemplateBehavior [ RunTime:0.008627s ]
INFO: [ view_parse ] --END-- [ RunTime:0.008684s ]
INFO: [ view_filter ] --START--
INFO: Run Behavior\WriteHtmlCacheBehavior [ RunTime:0.000777s ]
INFO: [ view_filter ] --END-- [ RunTime:0.000820s ]
INFO: [ app_end ] --START--
INFO: Run Behavior\ShowPageTraceBehavior [ RunTime:0.000899s ]
INFO: [ app_end ] --END-- [ RunTime:0.000941s ]

[ 2016-12-18T11:08:26+08:00 ] ::1 /cms/index.php/Admin/Menu/getMenus
INFO: [ app_init ] --START--
INFO: Run Behavior\BuildLiteBehavior [ RunTime:0.000013s ]
INFO: [ app_init ] --END-- [ RunTime:0.000617s ]
INFO: [ app_begin ] --START--
INFO: Run Behavior\ReadHtmlCacheBehavior [ RunTime:0.000817s ]
INFO: [ app_begin ] --END-- [ RunTime:0.000863s ]
NOTIC: [8] Undefined variable: D E:\AppServ\www\cms\Application\Admin\Controller\MenuController.class.php 第 33 行.

[ 2016-12-18T11:09:16+08:00 ] ::1 /cms/index.php/Admin/Menu/getMenus
INFO: [ app_init ] --START--
INFO: Run Behavior\BuildLiteBehavior [ RunTime:0.000014s ]
INFO: [ app_init ] --END-- [ RunTime:0.000556s ]
INFO: [ app_begin ] --START--
INFO: Run Behavior\ReadHtmlCacheBehavior [ RunTime:0.000931s ]
INFO: [ app_begin ] --END-- [ RunTime:0.001010s ]
NOTIC: [8] Undefined variable: D E:\AppServ\www\cms\Application\Admin\Controller\MenuController.class.php 第 33 行.

[ 2016-12-18T11:09:17+08:00 ] ::1 /cms/index.php/Admin/Menu/getMenus
INFO: [ app_init ] --START--
INFO: Run Behavior\BuildLiteBehavior [ RunTime:0.000013s ]
INFO: [ app_init ] --END-- [ RunTime:0.000522s ]
INFO: [ app_begin ] --START--
INFO: Run Behavior\ReadHtmlCacheBehavior [ RunTime:0.000649s ]
INFO: [ app_begin ] --END-- [ RunTime:0.000693s ]
NOTIC: [8] Undefined variable: D E:\AppServ\www\cms\Application\Admin\Controller\MenuController.class.php 第 33 行.

[ 2016-12-18T11:15:01+08:00 ] ::1 /cms/index.php/Admin/Menu/getMenus
INFO: [ app_init ] --START--
INFO: Run Behavior\BuildLiteBehavior [ RunTime:0.000012s ]
INFO: [ app_init ] --END-- [ RunTime:0.000550s ]
INFO: [ app_begin ] --START--
INFO: Run Behavior\ReadHtmlCacheBehavior [ RunTime:0.000669s ]
INFO: [ app_begin ] --END-- [ RunTime:0.000715s ]
NOTIC: [8] Undefined variable: D E:\AppServ\www\cms\Application\Admin\Controller\MenuController.class.php 第 33 行.

[ 2016-12-18T11:15:03+08:00 ] ::1 /cms/index.php/Admin/Menu/getMenus
INFO: [ app_init ] --START--
INFO: Run Behavior\BuildLiteBehavior [ RunTime:0.000013s ]
INFO: [ app_init ] --END-- [ RunTime:0.000543s ]
INFO: [ app_begin ] --START--
INFO: Run Behavior\ReadHtmlCacheBehavior [ RunTime:0.000678s ]
INFO: [ app_begin ] --END-- [ RunTime:0.000736s ]
NOTIC: [8] Undefined variable: D E:\AppServ\www\cms\Application\Admin\Controller\MenuController.class.php 第 33 行.

[ 2016-12-18T11:15:04+08:00 ] ::1 /cms/index.php/Admin/Menu/getMenus
INFO: [ app_init ] --START--
INFO: Run Behavior\BuildLiteBehavior [ RunTime:0.000017s ]
INFO: [ app_init ] --END-- [ RunTime:0.000595s ]
INFO: [ app_begin ] --START--
INFO: Run Behavior\ReadHtmlCacheBehavior [ RunTime:0.000655s ]
INFO: [ app_begin ] --END-- [ RunTime:0.000711s ]
NOTIC: [8] Undefined variable: D E:\AppServ\www\cms\Application\Admin\Controller\MenuController.class.php 第 33 行.

[ 2016-12-18T11:15:29+08:00 ] ::1 /cms/index.php/Admin/Menu/menus
INFO: [ app_init ] --START--
INFO: Run Behavior\BuildLiteBehavior [ RunTime:0.000013s ]
INFO: [ app_init ] --END-- [ RunTime:0.000539s ]
INFO: [ app_begin ] --START--
INFO: Run Behavior\ReadHtmlCacheBehavior [ RunTime:0.000655s ]
INFO: [ app_begin ] --END-- [ RunTime:0.000702s ]
NOTIC: [8] Undefined variable: D E:\AppServ\www\cms\Application\Admin\Controller\MenuController.class.php 第 33 行.

[ 2016-12-18T11:15:37+08:00 ] ::1 /cms/index.php/Admin/Menu/menus
INFO: [ app_init ] --START--
INFO: Run Behavior\BuildLiteBehavior [ RunTime:0.000021s ]
INFO: [ app_init ] --END-- [ RunTime:0.000721s ]
INFO: [ app_begin ] --START--
INFO: Run Behavior\ReadHtmlCacheBehavior [ RunTime:0.000699s ]
INFO: [ app_begin ] --END-- [ RunTime:0.000759s ]
NOTIC: [8] Undefined variable: D E:\AppServ\www\cms\Application\Admin\Controller\MenuController.class.php 第 34 行.

[ 2016-12-18T11:15:44+08:00 ] ::1 /cms/index.php/Admin/Menu/menus
INFO: [ app_init ] --START--
INFO: Run Behavior\BuildLiteBehavior [ RunTime:0.000013s ]
INFO: [ app_init ] --END-- [ RunTime:0.000594s ]
INFO: [ app_begin ] --START--
INFO: Run Behavior\ReadHtmlCacheBehavior [ RunTime:0.000742s ]
INFO: [ app_begin ] --END-- [ RunTime:0.000797s ]
INFO: [ app_end ] --START--
INFO: Run Behavior\ShowPageTraceBehavior [ RunTime:0.000974s ]
INFO: [ app_end ] --END-- [ RunTime:0.001039s ]

[ 2016-12-18T11:15:54+08:00 ] ::1 /cms/index.php/Admin/Menu/menus
INFO: [ app_init ] --START--
INFO: Run Behavior\BuildLiteBehavior [ RunTime:0.000015s ]
INFO: [ app_init ] --END-- [ RunTime:0.000571s ]
INFO: [ app_begin ] --START--
INFO: Run Behavior\ReadHtmlCacheBehavior [ RunTime:0.000639s ]
INFO: [ app_begin ] --END-- [ RunTime:0.000686s ]
NOTIC: [8] Undefined variable: D E:\AppServ\www\cms\Application\Admin\Controller\MenuController.class.php 第 34 行.

[ 2016-12-18T11:16:06+08:00 ] ::1 /cms/index.php/Admin/Menu/menus
INFO: [ app_init ] --START--
INFO: Run Behavior\BuildLiteBehavior [ RunTime:0.000013s ]
INFO: [ app_init ] --END-- [ RunTime:0.000559s ]
INFO: [ app_begin ] --START--
INFO: Run Behavior\ReadHtmlCacheBehavior [ RunTime:0.000787s ]
INFO: [ app_begin ] --END-- [ RunTime:0.000861s ]
SQL: SHOW COLUMNS FROM `think_menu` [ RunTime:0.0015s ]
NOTIC: [8] Undefined variable: data E:\AppServ\www\cms\Application\Admin\Controller\MenuController.class.php 第 35 行.
NOTIC: [2] Missing argument 2 for Admin\Model\MenuModel::getMenu(), called in E:\AppServ\www\cms\Application\Admin\Controller\MenuController.class.php on line 35 and defined E:\AppServ\www\cms\Application\Admin\Model\MenuModel.class.php 第 13 行.
NOTIC: [8] Undefined variable: page E:\AppServ\www\cms\Application\Admin\Model\MenuModel.class.php 第 15 行.
NOTIC: [8] Use of undefined constant pageSize - assumed 'pageSize' E:\AppServ\www\cms\Application\Admin\Model\MenuModel.class.php 第 15 行.
SQL: SELECT * FROM `think_menu` LIMIT 0,10   [ RunTime:0.0005s ]
INFO: [ app_end ] --START--
INFO: Run Behavior\ShowPageTraceBehavior [ RunTime:0.000958s ]
INFO: [ app_end ] --END-- [ RunTime:0.001001s ]

[ 2016-12-18T11:16:24+08:00 ] ::1 /cms/index.php/Admin/Menu/menus
INFO: [ app_init ] --START--
INFO: Run Behavior\BuildLiteBehavior [ RunTime:0.000015s ]
INFO: [ app_init ] --END-- [ RunTime:0.000718s ]
INFO: [ app_begin ] --START--
INFO: Run Behavior\ReadHtmlCacheBehavior [ RunTime:0.000668s ]
INFO: [ app_begin ] --END-- [ RunTime:0.000713s ]
SQL: SHOW COLUMNS FROM `think_menu` [ RunTime:0.0009s ]
NOTIC: [8] Undefined variable: data E:\AppServ\www\cms\Application\Admin\Controller\MenuController.class.php 第 34 行.
NOTIC: [2] Missing argument 2 for Admin\Model\MenuModel::getMenu(), called in E:\AppServ\www\cms\Application\Admin\Controller\MenuController.class.php on line 34 and defined E:\AppServ\www\cms\Application\Admin\Model\MenuModel.class.php 第 13 行.
NOTIC: [8] Undefined variable: page E:\AppServ\www\cms\Application\Admin\Model\MenuModel.class.php 第 15 行.
NOTIC: [8] Use of undefined constant pageSize - assumed 'pageSize' E:\AppServ\www\cms\Application\Admin\Model\MenuModel.class.php 第 15 行.
SQL: SELECT * FROM `think_menu` LIMIT 0,10   [ RunTime:0.0004s ]
INFO: [ app_end ] --START--
INFO: Run Behavior\ShowPageTraceBehavior [ RunTime:0.001065s ]
INFO: [ app_end ] --END-- [ RunTime:0.001129s ]

[ 2016-12-18T11:25:14+08:00 ] ::1 /cms/index.php/Admin/Menu/getMenus
INFO: [ app_init ] --START--
INFO: Run Behavior\BuildLiteBehavior [ RunTime:0.000014s ]
INFO: [ app_init ] --END-- [ RunTime:0.000601s ]
INFO: [ app_begin ] --START--
INFO: Run Behavior\ReadHtmlCacheBehavior [ RunTime:0.001139s ]
INFO: [ app_begin ] --END-- [ RunTime:0.001248s ]
ERR: 非法操作:getMenus

[ 2016-12-18T11:25:15+08:00 ] ::1 /cms/index.php/Admin/getMenus
INFO: [ app_init ] --START--
INFO: Run Behavior\BuildLiteBehavior [ RunTime:0.000016s ]
INFO: [ app_init ] --END-- [ RunTime:0.000812s ]
INFO: [ app_begin ] --START--
INFO: Run Behavior\ReadHtmlCacheBehavior [ RunTime:0.000678s ]
INFO: [ app_begin ] --END-- [ RunTime:0.000727s ]
ERR: 无法加载控制器:GetMenus

[ 2016-12-18T11:25:15+08:00 ] ::1 /cms/index.php/Admin/Menu/getMenus
INFO: [ app_init ] --START--
INFO: Run Behavior\BuildLiteBehavior [ RunTime:0.000016s ]
INFO: [ app_init ] --END-- [ RunTime:0.000904s ]
INFO: [ app_begin ] --START--
INFO: Run Behavior\ReadHtmlCacheBehavior [ RunTime:0.000639s ]
INFO: [ app_begin ] --END-- [ RunTime:0.000684s ]
ERR: 非法操作:getMenus

[ 2016-12-18T11:25:19+08:00 ] ::1 /cms/index.php/Admin/Menu/add
INFO: [ app_init ] --START--
INFO: Run Behavior\BuildLiteBehavior [ RunTime:0.000014s ]
INFO: [ app_init ] --END-- [ RunTime:0.000515s ]
INFO: [ app_begin ] --START--
INFO: Run Behavior\ReadHtmlCacheBehavior [ RunTime:0.000782s ]
INFO: [ app_begin ] --END-- [ RunTime:0.000851s ]
INFO: [ view_parse ] --START--
INFO: [ template_filter ] --START--
INFO: Run Behavior\ContentReplaceBehavior [ RunTime:0.000070s ]
INFO: [ template_filter ] --END-- [ RunTime:0.000147s ]
INFO: Run Behavior\ParseTemplateBehavior [ RunTime:0.008434s ]
INFO: [ view_parse ] --END-- [ RunTime:0.009261s ]
INFO: [ view_filter ] --START--
INFO: Run Behavior\WriteHtmlCacheBehavior [ RunTime:0.000777s ]
INFO: [ view_filter ] --END-- [ RunTime:0.000832s ]
INFO: [ app_end ] --START--
INFO: Run Behavior\ShowPageTraceBehavior [ RunTime:0.000805s ]
INFO: [ app_end ] --END-- [ RunTime:0.000846s ]

[ 2016-12-18T11:25:24+08:00 ] ::1 /cms/index.php/Admin/Menu/main
INFO: [ app_init ] --START--
INFO: Run Behavior\BuildLiteBehavior [ RunTime:0.000016s ]
INFO: [ app_init ] --END-- [ RunTime:0.000577s ]
INFO: [ app_begin ] --START--
INFO: Run Behavior\ReadHtmlCacheBehavior [ RunTime:0.000648s ]
INFO: [ app_begin ] --END-- [ RunTime:0.000700s ]
INFO: [ view_parse ] --START--
INFO: [ template_filter ] --START--
INFO: Run Behavior\ContentReplaceBehavior [ RunTime:0.000044s ]
INFO: [ template_filter ] --END-- [ RunTime:0.000091s ]
INFO: Run Behavior\ParseTemplateBehavior [ RunTime:0.006779s ]
INFO: [ view_parse ] --END-- [ RunTime:0.006841s ]
INFO: [ view_filter ] --START--
INFO: Run Behavior\WriteHtmlCacheBehavior [ RunTime:0.000649s ]
INFO: [ view_filter ] --END-- [ RunTime:0.000687s ]
INFO: [ app_end ] --START--
INFO: Run Behavior\ShowPageTraceBehavior [ RunTime:0.000753s ]
INFO: [ app_end ] --END-- [ RunTime:0.000804s ]

[ 2016-12-18T11:25:24+08:00 ] ::1 /cms/index.php/Admin/Menu/info.html
INFO: [ app_init ] --START--
INFO: Run Behavior\BuildLiteBehavior [ RunTime:0.000025s ]
INFO: [ app_init ] --END-- [ RunTime:0.000812s ]
INFO: [ app_begin ] --START--
INFO: Run Behavior\ReadHtmlCacheBehavior [ RunTime:0.001106s ]
INFO: [ app_begin ] --END-- [ RunTime:0.001213s ]
INFO: [ view_parse ] --START--
INFO: [ template_filter ] --START--
INFO: Run Behavior\ContentReplaceBehavior [ RunTime:0.000097s ]
INFO: [ template_filter ] --END-- [ RunTime:0.000193s ]
INFO: Run Behavior\ParseTemplateBehavior [ RunTime:0.013819s ]
INFO: [ view_parse ] --END-- [ RunTime:0.013913s ]
INFO: [ view_filter ] --START--
INFO: Run Behavior\WriteHtmlCacheBehavior [ RunTime:0.000750s ]
INFO: [ view_filter ] --END-- [ RunTime:0.000822s ]
INFO: [ app_end ] --START--
INFO: Run Behavior\ShowPageTraceBehavior [ RunTime:0.001134s ]
INFO: [ app_end ] --END-- [ RunTime:0.001201s ]

[ 2016-12-18T11:25:26+08:00 ] ::1 /cms/index.php/Admin/Menu/pass.html
INFO: [ app_init ] --START--
INFO: Run Behavior\BuildLiteBehavior [ RunTime:0.000017s ]
INFO: [ app_init ] --END-- [ RunTime:0.000592s ]
INFO: [ app_begin ] --START--
INFO: Run Behavior\ReadHtmlCacheBehavior [ RunTime:0.000810s ]
INFO: [ app_begin ] --END-- [ RunTime:0.000882s ]
SQL: SHOW COLUMNS FROM `think_menu` [ RunTime:0.0021s ]
NOTIC: [2] Missing argument 2 for Admin\Model\MenuModel::getMenu(), called in E:\AppServ\www\cms\Application\Admin\Controller\MenuController.class.php on line 15 and defined E:\AppServ\www\cms\Application\Admin\Model\MenuModel.class.php 第 13 行.
NOTIC: [8] Undefined variable: page E:\AppServ\www\cms\Application\Admin\Model\MenuModel.class.php 第 15 行.
NOTIC: [8] Use of undefined constant pageSize - assumed 'pageSize' E:\AppServ\www\cms\Application\Admin\Model\MenuModel.class.php 第 15 行.
SQL: SELECT * FROM `think_menu` LIMIT 0,10   [ RunTime:0.0004s ]
ERR: Think\Model:assign方法不存在！

[ 2016-12-18T11:25:27+08:00 ] ::1 /cms/index.php/Admin/Menu/pass.html
INFO: [ app_init ] --START--
INFO: Run Behavior\BuildLiteBehavior [ RunTime:0.000014s ]
INFO: [ app_init ] --END-- [ RunTime:0.000512s ]
INFO: [ app_begin ] --START--
INFO: Run Behavior\ReadHtmlCacheBehavior [ RunTime:0.000753s ]
INFO: [ app_begin ] --END-- [ RunTime:0.000806s ]
SQL: SHOW COLUMNS FROM `think_menu` [ RunTime:0.0015s ]
NOTIC: [2] Missing argument 2 for Admin\Model\MenuModel::getMenu(), called in E:\AppServ\www\cms\Application\Admin\Controller\MenuController.class.php on line 15 and defined E:\AppServ\www\cms\Application\Admin\Model\MenuModel.class.php 第 13 行.
NOTIC: [8] Undefined variable: page E:\AppServ\www\cms\Application\Admin\Model\MenuModel.class.php 第 15 行.
NOTIC: [8] Use of undefined constant pageSize - assumed 'pageSize' E:\AppServ\www\cms\Application\Admin\Model\MenuModel.class.php 第 15 行.
SQL: SELECT * FROM `think_menu` LIMIT 0,10   [ RunTime:0.0003s ]
ERR: Think\Model:assign方法不存在！

[ 2016-12-18T11:25:28+08:00 ] ::1 /cms/index.php/Admin/Menu/pass.html
INFO: [ app_init ] --START--
INFO: Run Behavior\BuildLiteBehavior [ RunTime:0.000013s ]
INFO: [ app_init ] --END-- [ RunTime:0.000525s ]
INFO: [ app_begin ] --START--
INFO: Run Behavior\ReadHtmlCacheBehavior [ RunTime:0.000602s ]
INFO: [ app_begin ] --END-- [ RunTime:0.000646s ]
SQL: SHOW COLUMNS FROM `think_menu` [ RunTime:0.0014s ]
NOTIC: [2] Missing argument 2 for Admin\Model\MenuModel::getMenu(), called in E:\AppServ\www\cms\Application\Admin\Controller\MenuController.class.php on line 15 and defined E:\AppServ\www\cms\Application\Admin\Model\MenuModel.class.php 第 13 行.
NOTIC: [8] Undefined variable: page E:\AppServ\www\cms\Application\Admin\Model\MenuModel.class.php 第 15 行.
NOTIC: [8] Use of undefined constant pageSize - assumed 'pageSize' E:\AppServ\www\cms\Application\Admin\Model\MenuModel.class.php 第 15 行.
SQL: SELECT * FROM `think_menu` LIMIT 0,10   [ RunTime:0.0003s ]
ERR: Think\Model:assign方法不存在！

[ 2016-12-18T11:25:29+08:00 ] ::1 /cms/index.php/Admin/Menu/page.html
INFO: [ app_init ] --START--
INFO: Run Behavior\BuildLiteBehavior [ RunTime:0.000013s ]
INFO: [ app_init ] --END-- [ RunTime:0.000563s ]
INFO: [ app_begin ] --START--
INFO: Run Behavior\ReadHtmlCacheBehavior [ RunTime:0.000682s ]
INFO: [ app_begin ] --END-- [ RunTime:0.000728s ]
ERR: 非法操作:page

[ 2016-12-18T11:25:30+08:00 ] ::1 /cms/index.php/Admin/Menu/pass.html
INFO: [ app_init ] --START--
INFO: Run Behavior\BuildLiteBehavior [ RunTime:0.000012s ]
INFO: [ app_init ] --END-- [ RunTime:0.000543s ]
INFO: [ app_begin ] --START--
INFO: Run Behavior\ReadHtmlCacheBehavior [ RunTime:0.000641s ]
INFO: [ app_begin ] --END-- [ RunTime:0.000686s ]
SQL: SHOW COLUMNS FROM `think_menu` [ RunTime:0.0016s ]
NOTIC: [2] Missing argument 2 for Admin\Model\MenuModel::getMenu(), called in E:\AppServ\www\cms\Application\Admin\Controller\MenuController.class.php on line 15 and defined E:\AppServ\www\cms\Application\Admin\Model\MenuModel.class.php 第 13 行.
NOTIC: [8] Undefined variable: page E:\AppServ\www\cms\Application\Admin\Model\MenuModel.class.php 第 15 行.
NOTIC: [8] Use of undefined constant pageSize - assumed 'pageSize' E:\AppServ\www\cms\Application\Admin\Model\MenuModel.class.php 第 15 行.
SQL: SELECT * FROM `think_menu` LIMIT 0,10   [ RunTime:0.0003s ]
ERR: Think\Model:assign方法不存在！

[ 2016-12-18T11:25:40+08:00 ] ::1 /cms/index.php/Admin/Menu/main
INFO: [ app_init ] --START--
INFO: Run Behavior\BuildLiteBehavior [ RunTime:0.000014s ]
INFO: [ app_init ] --END-- [ RunTime:0.000522s ]
INFO: [ app_begin ] --START--
INFO: Run Behavior\ReadHtmlCacheBehavior [ RunTime:0.000681s ]
INFO: [ app_begin ] --END-- [ RunTime:0.000777s ]
INFO: [ view_parse ] --START--
INFO: [ template_filter ] --START--
INFO: Run Behavior\ContentReplaceBehavior [ RunTime:0.000055s ]
INFO: [ template_filter ] --END-- [ RunTime:0.000118s ]
INFO: Run Behavior\ParseTemplateBehavior [ RunTime:0.008616s ]
INFO: [ view_parse ] --END-- [ RunTime:0.008681s ]
INFO: [ view_filter ] --START--
INFO: Run Behavior\WriteHtmlCacheBehavior [ RunTime:0.000594s ]
INFO: [ view_filter ] --END-- [ RunTime:0.000641s ]
INFO: [ app_end ] --START--
INFO: Run Behavior\ShowPageTraceBehavior [ RunTime:0.000802s ]
INFO: [ app_end ] --END-- [ RunTime:0.000875s ]

[ 2016-12-18T11:25:40+08:00 ] ::1 /cms/index.php/Admin/Menu/info.html
INFO: [ app_init ] --START--
INFO: Run Behavior\BuildLiteBehavior [ RunTime:0.000023s ]
INFO: [ app_init ] --END-- [ RunTime:0.000696s ]
INFO: [ app_begin ] --START--
INFO: Run Behavior\ReadHtmlCacheBehavior [ RunTime:0.001331s ]
INFO: [ app_begin ] --END-- [ RunTime:0.001433s ]
INFO: [ view_parse ] --START--
INFO: [ template_filter ] --START--
INFO: Run Behavior\ContentReplaceBehavior [ RunTime:0.000101s ]
INFO: [ template_filter ] --END-- [ RunTime:0.000207s ]
INFO: Run Behavior\ParseTemplateBehavior [ RunTime:0.015296s ]
INFO: [ view_parse ] --END-- [ RunTime:0.015409s ]
INFO: [ view_filter ] --START--
INFO: Run Behavior\WriteHtmlCacheBehavior [ RunTime:0.000889s ]
INFO: [ view_filter ] --END-- [ RunTime:0.000970s ]
INFO: [ app_end ] --START--
INFO: Run Behavior\ShowPageTraceBehavior [ RunTime:0.001164s ]
INFO: [ app_end ] --END-- [ RunTime:0.001240s ]

[ 2016-12-18T11:25:41+08:00 ] ::1 /cms/index.php/Admin/Menu/pass.html
INFO: [ app_init ] --START--
INFO: Run Behavior\BuildLiteBehavior [ RunTime:0.000014s ]
INFO: [ app_init ] --END-- [ RunTime:0.000553s ]
INFO: [ app_begin ] --START--
INFO: Run Behavior\ReadHtmlCacheBehavior [ RunTime:0.000726s ]
INFO: [ app_begin ] --END-- [ RunTime:0.000780s ]
INFO: [ view_parse ] --START--
INFO: [ template_filter ] --START--
INFO: Run Behavior\ContentReplaceBehavior [ RunTime:0.000072s ]
INFO: [ template_filter ] --END-- [ RunTime:0.000171s ]
INFO: Run Behavior\ParseTemplateBehavior [ RunTime:0.009475s ]
INFO: [ view_parse ] --END-- [ RunTime:0.009537s ]
INFO: [ view_filter ] --START--
INFO: Run Behavior\WriteHtmlCacheBehavior [ RunTime:0.000751s ]
INFO: [ view_filter ] --END-- [ RunTime:0.000806s ]
INFO: [ app_end ] --START--
INFO: Run Behavior\ShowPageTraceBehavior [ RunTime:0.000976s ]
INFO: [ app_end ] --END-- [ RunTime:0.001025s ]

[ 2016-12-18T11:25:46+08:00 ] ::1 /cms/index.php/Admin/Menu/main
INFO: [ app_init ] --START--
INFO: Run Behavior\BuildLiteBehavior [ RunTime:0.000013s ]
INFO: [ app_init ] --END-- [ RunTime:0.000574s ]
INFO: [ app_begin ] --START--
INFO: Run Behavior\ReadHtmlCacheBehavior [ RunTime:0.000797s ]
INFO: [ app_begin ] --END-- [ RunTime:0.000896s ]
INFO: [ view_parse ] --START--
INFO: [ template_filter ] --START--
INFO: Run Behavior\ContentReplaceBehavior [ RunTime:0.000052s ]
INFO: [ template_filter ] --END-- [ RunTime:0.000112s ]
INFO: Run Behavior\ParseTemplateBehavior [ RunTime:0.008375s ]
INFO: [ view_parse ] --END-- [ RunTime:0.008437s ]
INFO: [ view_filter ] --START--
INFO: Run Behavior\WriteHtmlCacheBehavior [ RunTime:0.000646s ]
INFO: [ view_filter ] --END-- [ RunTime:0.000687s ]
INFO: [ app_end ] --START--
INFO: Run Behavior\ShowPageTraceBehavior [ RunTime:0.000787s ]
INFO: [ app_end ] --END-- [ RunTime:0.000828s ]

[ 2016-12-18T11:25:46+08:00 ] ::1 /cms/index.php/Admin/Menu/info.html
INFO: [ app_init ] --START--
INFO: Run Behavior\BuildLiteBehavior [ RunTime:0.000029s ]
INFO: [ app_init ] --END-- [ RunTime:0.001024s ]
INFO: [ app_begin ] --START--
INFO: Run Behavior\ReadHtmlCacheBehavior [ RunTime:0.001024s ]
INFO: [ app_begin ] --END-- [ RunTime:0.001118s ]
INFO: [ view_parse ] --START--
INFO: [ template_filter ] --START--
INFO: Run Behavior\ContentReplaceBehavior [ RunTime:0.000102s ]
INFO: [ template_filter ] --END-- [ RunTime:0.000208s ]
INFO: Run Behavior\ParseTemplateBehavior [ RunTime:0.011421s ]
INFO: [ view_parse ] --END-- [ RunTime:0.011494s ]
INFO: [ view_filter ] --START--
INFO: Run Behavior\WriteHtmlCacheBehavior [ RunTime:0.000566s ]
INFO: [ view_filter ] --END-- [ RunTime:0.000613s ]
INFO: [ app_end ] --START--
INFO: Run Behavior\ShowPageTraceBehavior [ RunTime:0.000792s ]
INFO: [ app_end ] --END-- [ RunTime:0.000840s ]

[ 2016-12-18T11:25:49+08:00 ] ::1 /cms/index.php/Admin/Menu/pass
INFO: [ app_init ] --START--
INFO: Run Behavior\BuildLiteBehavior [ RunTime:0.000012s ]
INFO: [ app_init ] --END-- [ RunTime:0.000521s ]
INFO: [ app_begin ] --START--
INFO: Run Behavior\ReadHtmlCacheBehavior [ RunTime:0.000790s ]
INFO: [ app_begin ] --END-- [ RunTime:0.000868s ]
INFO: [ view_parse ] --START--
INFO: [ template_filter ] --START--
INFO: Run Behavior\ContentReplaceBehavior [ RunTime:0.000039s ]
INFO: [ template_filter ] --END-- [ RunTime:0.000083s ]
INFO: Run Behavior\ParseTemplateBehavior [ RunTime:0.006133s ]
INFO: [ view_parse ] --END-- [ RunTime:0.006181s ]
INFO: [ view_filter ] --START--
INFO: Run Behavior\WriteHtmlCacheBehavior [ RunTime:0.000562s ]
INFO: [ view_filter ] --END-- [ RunTime:0.000598s ]
INFO: [ app_end ] --START--
INFO: Run Behavior\ShowPageTraceBehavior [ RunTime:0.000714s ]
INFO: [ app_end ] --END-- [ RunTime:0.000752s ]

[ 2016-12-18T11:27:11+08:00 ] ::1 /cms/index.php/Admin/Menu/pass.html
INFO: [ app_init ] --START--
INFO: Run Behavior\BuildLiteBehavior [ RunTime:0.000014s ]
INFO: [ app_init ] --END-- [ RunTime:0.000727s ]
INFO: [ app_begin ] --START--
INFO: Run Behavior\ReadHtmlCacheBehavior [ RunTime:0.000625s ]
INFO: [ app_begin ] --END-- [ RunTime:0.000692s ]
SQL: SHOW COLUMNS FROM `think_menu` [ RunTime:0.0021s ]
NOTIC: [2] Missing argument 2 for Admin\Model\MenuModel::getMenu(), called in E:\AppServ\www\cms\Application\Admin\Controller\MenuController.class.php on line 15 and defined E:\AppServ\www\cms\Application\Admin\Model\MenuModel.class.php 第 13 行.
NOTIC: [8] Undefined variable: page E:\AppServ\www\cms\Application\Admin\Model\MenuModel.class.php 第 15 行.
NOTIC: [8] Use of undefined constant pageSize - assumed 'pageSize' E:\AppServ\www\cms\Application\Admin\Model\MenuModel.class.php 第 15 行.
SQL: SELECT * FROM `think_menu` LIMIT 0,10   [ RunTime:0.0003s ]
INFO: [ view_parse ] --START--
INFO: [ template_filter ] --START--
INFO: Run Behavior\ContentReplaceBehavior [ RunTime:0.000042s ]
INFO: [ template_filter ] --END-- [ RunTime:0.000107s ]
INFO: Run Behavior\ParseTemplateBehavior [ RunTime:0.006247s ]
INFO: [ view_parse ] --END-- [ RunTime:0.006297s ]
INFO: [ view_filter ] --START--
INFO: Run Behavior\WriteHtmlCacheBehavior [ RunTime:0.000514s ]
INFO: [ view_filter ] --END-- [ RunTime:0.000551s ]
INFO: [ app_end ] --START--
INFO: Run Behavior\ShowPageTraceBehavior [ RunTime:0.000721s ]
INFO: [ app_end ] --END-- [ RunTime:0.000781s ]

[ 2016-12-18T11:27:12+08:00 ] ::1 /cms/index.php/Admin/Menu/pass.html
INFO: [ app_init ] --START--
INFO: Run Behavior\BuildLiteBehavior [ RunTime:0.000016s ]
INFO: [ app_init ] --END-- [ RunTime:0.000754s ]
INFO: [ app_begin ] --START--
INFO: Run Behavior\ReadHtmlCacheBehavior [ RunTime:0.000661s ]
INFO: [ app_begin ] --END-- [ RunTime:0.000719s ]
SQL: SHOW COLUMNS FROM `think_menu` [ RunTime:0.0019s ]
NOTIC: [2] Missing argument 2 for Admin\Model\MenuModel::getMenu(), called in E:\AppServ\www\cms\Application\Admin\Controller\MenuController.class.php on line 15 and defined E:\AppServ\www\cms\Application\Admin\Model\MenuModel.class.php 第 13 行.
NOTIC: [8] Undefined variable: page E:\AppServ\www\cms\Application\Admin\Model\MenuModel.class.php 第 15 行.
NOTIC: [8] Use of undefined constant pageSize - assumed 'pageSize' E:\AppServ\www\cms\Application\Admin\Model\MenuModel.class.php 第 15 行.
SQL: SELECT * FROM `think_menu` LIMIT 0,10   [ RunTime:0.0004s ]
INFO: [ view_parse ] --START--
INFO: [ template_filter ] --START--
INFO: Run Behavior\ContentReplaceBehavior [ RunTime:0.000043s ]
INFO: [ template_filter ] --END-- [ RunTime:0.000087s ]
INFO: Run Behavior\ParseTemplateBehavior [ RunTime:0.006463s ]
INFO: [ view_parse ] --END-- [ RunTime:0.006525s ]
INFO: [ view_filter ] --START--
INFO: Run Behavior\WriteHtmlCacheBehavior [ RunTime:0.000516s ]
INFO: [ view_filter ] --END-- [ RunTime:0.000567s ]
INFO: [ app_end ] --START--
INFO: Run Behavior\ShowPageTraceBehavior [ RunTime:0.000729s ]
INFO: [ app_end ] --END-- [ RunTime:0.000789s ]

[ 2016-12-18T11:28:51+08:00 ] ::1 /cms/index.php/Admin/Menu/pass.html
INFO: [ app_init ] --START--
INFO: Run Behavior\BuildLiteBehavior [ RunTime:0.000014s ]
INFO: [ app_init ] --END-- [ RunTime:0.000554s ]
INFO: [ app_begin ] --START--
INFO: Run Behavior\ReadHtmlCacheBehavior [ RunTime:0.000726s ]
INFO: [ app_begin ] --END-- [ RunTime:0.000776s ]
SQL: SHOW COLUMNS FROM `think_menu` [ RunTime:0.0017s ]
NOTIC: [2] Missing argument 2 for Admin\Model\MenuModel::getMenu(), called in E:\AppServ\www\cms\Application\Admin\Controller\MenuController.class.php on line 15 and defined E:\AppServ\www\cms\Application\Admin\Model\MenuModel.class.php 第 13 行.
NOTIC: [8] Undefined variable: page E:\AppServ\www\cms\Application\Admin\Model\MenuModel.class.php 第 15 行.
NOTIC: [8] Use of undefined constant pageSize - assumed 'pageSize' E:\AppServ\www\cms\Application\Admin\Model\MenuModel.class.php 第 15 行.
SQL: SELECT * FROM `think_menu` LIMIT 0,10   [ RunTime:0.0003s ]
INFO: [ view_parse ] --START--
INFO: [ template_filter ] --START--
INFO: Run Behavior\ContentReplaceBehavior [ RunTime:0.000047s ]
INFO: [ template_filter ] --END-- [ RunTime:0.000092s ]
NOTIC: [8] Undefined index: m_id E:\AppServ\www\cms\Application\Runtime\Cache\Admin\7696148077deb3318f068896547fcc46.php 第 32 行.
NOTIC: [8] Undefined index: m_name E:\AppServ\www\cms\Application\Runtime\Cache\Admin\7696148077deb3318f068896547fcc46.php 第 33 行.
INFO: Run Behavior\ParseTemplateBehavior [ RunTime:0.006956s ]
INFO: [ view_parse ] --END-- [ RunTime:0.007006s ]
INFO: [ view_filter ] --START--
INFO: Run Behavior\WriteHtmlCacheBehavior [ RunTime:0.000561s ]
INFO: [ view_filter ] --END-- [ RunTime:0.000598s ]
INFO: [ app_end ] --START--
INFO: Run Behavior\ShowPageTraceBehavior [ RunTime:0.000846s ]
INFO: [ app_end ] --END-- [ RunTime:0.000895s ]

[ 2016-12-18T11:28:52+08:00 ] ::1 /cms/index.php/Admin/Menu/pass.html
INFO: [ app_init ] --START--
INFO: Run Behavior\BuildLiteBehavior [ RunTime:0.000028s ]
INFO: [ app_init ] --END-- [ RunTime:0.000887s ]
INFO: [ app_begin ] --START--
INFO: Run Behavior\ReadHtmlCacheBehavior [ RunTime:0.000825s ]
INFO: [ app_begin ] --END-- [ RunTime:0.000900s ]
SQL: SHOW COLUMNS FROM `think_menu` [ RunTime:0.0013s ]
NOTIC: [2] Missing argument 2 for Admin\Model\MenuModel::getMenu(), called in E:\AppServ\www\cms\Application\Admin\Controller\MenuController.class.php on line 15 and defined E:\AppServ\www\cms\Application\Admin\Model\MenuModel.class.php 第 13 行.
NOTIC: [8] Undefined variable: page E:\AppServ\www\cms\Application\Admin\Model\MenuModel.class.php 第 15 行.
NOTIC: [8] Use of undefined constant pageSize - assumed 'pageSize' E:\AppServ\www\cms\Application\Admin\Model\MenuModel.class.php 第 15 行.
SQL: SELECT * FROM `think_menu` LIMIT 0,10   [ RunTime:0.0003s ]
INFO: [ view_parse ] --START--
INFO: [ template_filter ] --START--
INFO: Run Behavior\ContentReplaceBehavior [ RunTime:0.000075s ]
INFO: [ template_filter ] --END-- [ RunTime:0.000161s ]
NOTIC: [8] Undefined index: m_id E:\AppServ\www\cms\Application\Runtime\Cache\Admin\7696148077deb3318f068896547fcc46.php 第 32 行.
NOTIC: [8] Undefined index: m_name E:\AppServ\www\cms\Application\Runtime\Cache\Admin\7696148077deb3318f068896547fcc46.php 第 33 行.
INFO: Run Behavior\ParseTemplateBehavior [ RunTime:0.007749s ]
INFO: [ view_parse ] --END-- [ RunTime:0.007798s ]
INFO: [ view_filter ] --START--
INFO: Run Behavior\WriteHtmlCacheBehavior [ RunTime:0.000509s ]
INFO: [ view_filter ] --END-- [ RunTime:0.000563s ]
INFO: [ app_end ] --START--
INFO: Run Behavior\ShowPageTraceBehavior [ RunTime:0.001020s ]
INFO: [ app_end ] --END-- [ RunTime:0.001084s ]

[ 2016-12-18T11:29:49+08:00 ] ::1 /cms/index.php/Admin/Menu/pass.html
INFO: [ app_init ] --START--
INFO: Run Behavior\BuildLiteBehavior [ RunTime:0.000015s ]
INFO: [ app_init ] --END-- [ RunTime:0.000532s ]
INFO: [ app_begin ] --START--
INFO: Run Behavior\ReadHtmlCacheBehavior [ RunTime:0.000872s ]
INFO: [ app_begin ] --END-- [ RunTime:0.000930s ]
SQL: SHOW COLUMNS FROM `think_menu` [ RunTime:0.0009s ]
NOTIC: [2] Missing argument 2 for Admin\Model\MenuModel::getMenu(), called in E:\AppServ\www\cms\Application\Admin\Controller\MenuController.class.php on line 15 and defined E:\AppServ\www\cms\Application\Admin\Model\MenuModel.class.php 第 13 行.
NOTIC: [8] Undefined variable: page E:\AppServ\www\cms\Application\Admin\Model\MenuModel.class.php 第 15 行.
NOTIC: [8] Use of undefined constant pageSize - assumed 'pageSize' E:\AppServ\www\cms\Application\Admin\Model\MenuModel.class.php 第 15 行.
SQL: SELECT * FROM `think_menu` LIMIT 0,10   [ RunTime:0.0003s ]
INFO: [ view_parse ] --START--
INFO: [ template_filter ] --START--
INFO: Run Behavior\ContentReplaceBehavior [ RunTime:0.000041s ]
INFO: [ template_filter ] --END-- [ RunTime:0.000085s ]
NOTIC: [8] Undefined index: m_id E:\AppServ\www\cms\Application\Runtime\Cache\Admin\7696148077deb3318f068896547fcc46.php 第 32 行.
NOTIC: [8] Undefined index: m_name E:\AppServ\www\cms\Application\Runtime\Cache\Admin\7696148077deb3318f068896547fcc46.php 第 33 行.
INFO: Run Behavior\ParseTemplateBehavior [ RunTime:0.006968s ]
INFO: [ view_parse ] --END-- [ RunTime:0.007013s ]
INFO: [ view_filter ] --START--
INFO: Run Behavior\WriteHtmlCacheBehavior [ RunTime:0.000703s ]
INFO: [ view_filter ] --END-- [ RunTime:0.000741s ]
INFO: [ app_end ] --START--
INFO: Run Behavior\ShowPageTraceBehavior [ RunTime:0.000829s ]
INFO: [ app_end ] --END-- [ RunTime:0.000876s ]

[ 2016-12-18T11:29:49+08:00 ] ::1 /cms/index.php/Admin/Menu/pass.html
INFO: [ app_init ] --START--
INFO: Run Behavior\BuildLiteBehavior [ RunTime:0.000024s ]
INFO: [ app_init ] --END-- [ RunTime:0.000749s ]
INFO: [ app_begin ] --START--
INFO: Run Behavior\ReadHtmlCacheBehavior [ RunTime:0.000900s ]
INFO: [ app_begin ] --END-- [ RunTime:0.000960s ]
SQL: SHOW COLUMNS FROM `think_menu` [ RunTime:0.0007s ]
NOTIC: [2] Missing argument 2 for Admin\Model\MenuModel::getMenu(), called in E:\AppServ\www\cms\Application\Admin\Controller\MenuController.class.php on line 15 and defined E:\AppServ\www\cms\Application\Admin\Model\MenuModel.class.php 第 13 行.
NOTIC: [8] Undefined variable: page E:\AppServ\www\cms\Application\Admin\Model\MenuModel.class.php 第 15 行.
NOTIC: [8] Use of undefined constant pageSize - assumed 'pageSize' E:\AppServ\www\cms\Application\Admin\Model\MenuModel.class.php 第 15 行.
SQL: SELECT * FROM `think_menu` LIMIT 0,10   [ RunTime:0.0004s ]
INFO: [ view_parse ] --START--
INFO: [ template_filter ] --START--
INFO: Run Behavior\ContentReplaceBehavior [ RunTime:0.000047s ]
INFO: [ template_filter ] --END-- [ RunTime:0.000097s ]
NOTIC: [8] Undefined index: m_id E:\AppServ\www\cms\Application\Runtime\Cache\Admin\7696148077deb3318f068896547fcc46.php 第 32 行.
NOTIC: [8] Undefined index: m_name E:\AppServ\www\cms\Application\Runtime\Cache\Admin\7696148077deb3318f068896547fcc46.php 第 33 行.
INFO: Run Behavior\ParseTemplateBehavior [ RunTime:0.007520s ]
INFO: [ view_parse ] --END-- [ RunTime:0.007589s ]
INFO: [ view_filter ] --START--
INFO: Run Behavior\WriteHtmlCacheBehavior [ RunTime:0.000700s ]
INFO: [ view_filter ] --END-- [ RunTime:0.000738s ]
INFO: [ app_end ] --START--
INFO: Run Behavior\ShowPageTraceBehavior [ RunTime:0.000842s ]
INFO: [ app_end ] --END-- [ RunTime:0.000887s ]

[ 2016-12-18T11:31:00+08:00 ] ::1 /cms/index.php/Admin/Menu/pass.html
INFO: [ app_init ] --START--
INFO: Run Behavior\BuildLiteBehavior [ RunTime:0.000012s ]
INFO: [ app_init ] --END-- [ RunTime:0.000590s ]
INFO: [ app_begin ] --START--
INFO: Run Behavior\ReadHtmlCacheBehavior [ RunTime:0.001178s ]
INFO: [ app_begin ] --END-- [ RunTime:0.001258s ]
SQL: SHOW COLUMNS FROM `think_menu` [ RunTime:0.0006s ]
NOTIC: [2] Missing argument 2 for Admin\Model\MenuModel::getMenu(), called in E:\AppServ\www\cms\Application\Admin\Controller\MenuController.class.php on line 15 and defined E:\AppServ\www\cms\Application\Admin\Model\MenuModel.class.php 第 13 行.
NOTIC: [8] Undefined variable: page E:\AppServ\www\cms\Application\Admin\Model\MenuModel.class.php 第 15 行.
NOTIC: [8] Use of undefined constant pageSize - assumed 'pageSize' E:\AppServ\www\cms\Application\Admin\Model\MenuModel.class.php 第 15 行.
SQL: SELECT * FROM `think_menu` LIMIT 0,10   [ RunTime:0.0003s ]
INFO: [ view_parse ] --START--
INFO: [ template_filter ] --START--
INFO: Run Behavior\ContentReplaceBehavior [ RunTime:0.000045s ]
INFO: [ template_filter ] --END-- [ RunTime:0.000088s ]
NOTIC: [8] Undefined index: m_id E:\AppServ\www\cms\Application\Runtime\Cache\Admin\7696148077deb3318f068896547fcc46.php 第 32 行.
NOTIC: [8] Undefined index: m_name E:\AppServ\www\cms\Application\Runtime\Cache\Admin\7696148077deb3318f068896547fcc46.php 第 33 行.
INFO: Run Behavior\ParseTemplateBehavior [ RunTime:0.007845s ]
INFO: [ view_parse ] --END-- [ RunTime:0.007903s ]
INFO: [ view_filter ] --START--
INFO: Run Behavior\WriteHtmlCacheBehavior [ RunTime:0.001418s ]
INFO: [ view_filter ] --END-- [ RunTime:0.001472s ]
INFO: [ app_end ] --START--
INFO: Run Behavior\ShowPageTraceBehavior [ RunTime:0.000888s ]
INFO: [ app_end ] --END-- [ RunTime:0.000928s ]

[ 2016-12-18T11:32:34+08:00 ] ::1 /cms/index.php/Admin/Menu/pass.html
INFO: [ app_init ] --START--
INFO: Run Behavior\BuildLiteBehavior [ RunTime:0.000024s ]
INFO: [ app_init ] --END-- [ RunTime:0.000972s ]
INFO: [ app_begin ] --START--
INFO: Run Behavior\ReadHtmlCacheBehavior [ RunTime:0.000833s ]
INFO: [ app_begin ] --END-- [ RunTime:0.000882s ]
SQL: SHOW COLUMNS FROM `think_menu` [ RunTime:0.0021s ]
NOTIC: [2] Missing argument 2 for Admin\Model\MenuModel::getMenu(), called in E:\AppServ\www\cms\Application\Admin\Controller\MenuController.class.php on line 15 and defined E:\AppServ\www\cms\Application\Admin\Model\MenuModel.class.php 第 13 行.
NOTIC: [8] Undefined variable: page E:\AppServ\www\cms\Application\Admin\Model\MenuModel.class.php 第 15 行.
NOTIC: [8] Use of undefined constant pageSize - assumed 'pageSize' E:\AppServ\www\cms\Application\Admin\Model\MenuModel.class.php 第 15 行.
SQL: SELECT * FROM `think_menu` LIMIT 0,10   [ RunTime:0.0003s ]
INFO: [ view_parse ] --START--
INFO: [ template_filter ] --START--
INFO: Run Behavior\ContentReplaceBehavior [ RunTime:0.000044s ]
INFO: [ template_filter ] --END-- [ RunTime:0.000086s ]
NOTIC: [8] Undefined index: m_id E:\AppServ\www\cms\Application\Runtime\Cache\Admin\7696148077deb3318f068896547fcc46.php 第 32 行.
NOTIC: [8] Undefined index: m_name E:\AppServ\www\cms\Application\Runtime\Cache\Admin\7696148077deb3318f068896547fcc46.php 第 33 行.
INFO: Run Behavior\ParseTemplateBehavior [ RunTime:0.006819s ]
INFO: [ view_parse ] --END-- [ RunTime:0.006866s ]
INFO: [ view_filter ] --START--
INFO: Run Behavior\WriteHtmlCacheBehavior [ RunTime:0.000639s ]
INFO: [ view_filter ] --END-- [ RunTime:0.000680s ]
INFO: [ app_end ] --START--
INFO: Run Behavior\ShowPageTraceBehavior [ RunTime:0.000902s ]
INFO: [ app_end ] --END-- [ RunTime:0.000943s ]

[ 2016-12-18T11:32:43+08:00 ] ::1 /cms/index.php/Admin/Menu/pass.html
INFO: [ app_init ] --START--
INFO: Run Behavior\BuildLiteBehavior [ RunTime:0.000021s ]
INFO: [ app_init ] --END-- [ RunTime:0.000859s ]
INFO: [ app_begin ] --START--
INFO: Run Behavior\ReadHtmlCacheBehavior [ RunTime:0.000776s ]
INFO: [ app_begin ] --END-- [ RunTime:0.000826s ]
SQL: SHOW COLUMNS FROM `think_menu` [ RunTime:0.0006s ]
NOTIC: [2] Missing argument 2 for Admin\Model\MenuModel::getMenu(), called in E:\AppServ\www\cms\Application\Admin\Controller\MenuController.class.php on line 15 and defined E:\AppServ\www\cms\Application\Admin\Model\MenuModel.class.php 第 13 行.
NOTIC: [8] Undefined variable: page E:\AppServ\www\cms\Application\Admin\Model\MenuModel.class.php 第 15 行.
NOTIC: [8] Use of undefined constant pageSize - assumed 'pageSize' E:\AppServ\www\cms\Application\Admin\Model\MenuModel.class.php 第 15 行.
SQL: SELECT * FROM `think_menu` LIMIT 0,10   [ RunTime:0.0003s ]
INFO: [ view_parse ] --START--
INFO: [ template_filter ] --START--
INFO: Run Behavior\ContentReplaceBehavior [ RunTime:0.000047s ]
INFO: [ template_filter ] --END-- [ RunTime:0.000098s ]
NOTIC: [8] Undefined index: m_id E:\AppServ\www\cms\Application\Runtime\Cache\Admin\7696148077deb3318f068896547fcc46.php 第 32 行.
NOTIC: [8] Undefined index: m_name E:\AppServ\www\cms\Application\Runtime\Cache\Admin\7696148077deb3318f068896547fcc46.php 第 33 行.
INFO: Run Behavior\ParseTemplateBehavior [ RunTime:0.009086s ]
INFO: [ view_parse ] --END-- [ RunTime:0.009151s ]
INFO: [ view_filter ] --START--
INFO: Run Behavior\WriteHtmlCacheBehavior [ RunTime:0.000624s ]
INFO: [ view_filter ] --END-- [ RunTime:0.000664s ]
INFO: [ app_end ] --START--
INFO: Run Behavior\ShowPageTraceBehavior [ RunTime:0.000799s ]
INFO: [ app_end ] --END-- [ RunTime:0.000843s ]

[ 2016-12-18T11:33:02+08:00 ] ::1 /cms/index.php/Admin/Menu/main
INFO: [ app_init ] --START--
INFO: Run Behavior\BuildLiteBehavior [ RunTime:0.000014s ]
INFO: [ app_init ] --END-- [ RunTime:0.000563s ]
INFO: [ app_begin ] --START--
INFO: Run Behavior\ReadHtmlCacheBehavior [ RunTime:0.000910s ]
INFO: [ app_begin ] --END-- [ RunTime:0.000965s ]
INFO: [ view_parse ] --START--
INFO: [ template_filter ] --START--
INFO: Run Behavior\ContentReplaceBehavior [ RunTime:0.000163s ]
INFO: [ template_filter ] --END-- [ RunTime:0.000246s ]
INFO: Run Behavior\ParseTemplateBehavior [ RunTime:0.008306s ]
INFO: [ view_parse ] --END-- [ RunTime:0.008370s ]
INFO: [ view_filter ] --START--
INFO: Run Behavior\WriteHtmlCacheBehavior [ RunTime:0.000790s ]
INFO: [ view_filter ] --END-- [ RunTime:0.000829s ]
INFO: [ app_end ] --START--
INFO: Run Behavior\ShowPageTraceBehavior [ RunTime:0.000798s ]
INFO: [ app_end ] --END-- [ RunTime:0.000839s ]

[ 2016-12-18T11:33:02+08:00 ] ::1 /cms/index.php/Admin/Menu/info.html
INFO: [ app_init ] --START--
INFO: Run Behavior\BuildLiteBehavior [ RunTime:0.000022s ]
INFO: [ app_init ] --END-- [ RunTime:0.001064s ]
INFO: [ app_begin ] --START--
INFO: Run Behavior\ReadHtmlCacheBehavior [ RunTime:0.001579s ]
INFO: [ app_begin ] --END-- [ RunTime:0.001719s ]
INFO: [ view_parse ] --START--
INFO: [ template_filter ] --START--
INFO: Run Behavior\ContentReplaceBehavior [ RunTime:0.000125s ]
INFO: [ template_filter ] --END-- [ RunTime:0.000248s ]
INFO: Run Behavior\ParseTemplateBehavior [ RunTime:0.011424s ]
INFO: [ view_parse ] --END-- [ RunTime:0.011496s ]
INFO: [ view_filter ] --START--
INFO: Run Behavior\WriteHtmlCacheBehavior [ RunTime:0.000572s ]
INFO: [ view_filter ] --END-- [ RunTime:0.000617s ]
INFO: [ app_end ] --START--
INFO: Run Behavior\ShowPageTraceBehavior [ RunTime:0.000765s ]
INFO: [ app_end ] --END-- [ RunTime:0.000813s ]

[ 2016-12-18T11:33:03+08:00 ] ::1 /cms/index.php/Admin/Menu/pass.html
INFO: [ app_init ] --START--
INFO: Run Behavior\BuildLiteBehavior [ RunTime:0.000013s ]
INFO: [ app_init ] --END-- [ RunTime:0.000538s ]
INFO: [ app_begin ] --START--
INFO: Run Behavior\ReadHtmlCacheBehavior [ RunTime:0.000671s ]
INFO: [ app_begin ] --END-- [ RunTime:0.000718s ]
SQL: SHOW COLUMNS FROM `think_menu` [ RunTime:0.0014s ]
NOTIC: [2] Missing argument 2 for Admin\Model\MenuModel::getMenu(), called in E:\AppServ\www\cms\Application\Admin\Controller\MenuController.class.php on line 15 and defined E:\AppServ\www\cms\Application\Admin\Model\MenuModel.class.php 第 13 行.
NOTIC: [8] Undefined variable: page E:\AppServ\www\cms\Application\Admin\Model\MenuModel.class.php 第 15 行.
NOTIC: [8] Use of undefined constant pageSize - assumed 'pageSize' E:\AppServ\www\cms\Application\Admin\Model\MenuModel.class.php 第 15 行.
SQL: SELECT * FROM `think_menu` LIMIT 0,10   [ RunTime:0.0004s ]
INFO: [ view_parse ] --START--
INFO: [ template_filter ] --START--
INFO: Run Behavior\ContentReplaceBehavior [ RunTime:0.000079s ]
INFO: [ template_filter ] --END-- [ RunTime:0.000176s ]
NOTIC: [8] Undefined index: m_id E:\AppServ\www\cms\Application\Runtime\Cache\Admin\7696148077deb3318f068896547fcc46.php 第 31 行.
NOTIC: [8] Undefined index: m_name E:\AppServ\www\cms\Application\Runtime\Cache\Admin\7696148077deb3318f068896547fcc46.php 第 32 行.
NOTIC: [8] Undefined index: m_id E:\AppServ\www\cms\Application\Runtime\Cache\Admin\7696148077deb3318f068896547fcc46.php 第 31 行.
NOTIC: [8] Undefined index: m_name E:\AppServ\www\cms\Application\Runtime\Cache\Admin\7696148077deb3318f068896547fcc46.php 第 32 行.
NOTIC: [8] Undefined index: m_id E:\AppServ\www\cms\Application\Runtime\Cache\Admin\7696148077deb3318f068896547fcc46.php 第 31 行.
NOTIC: [8] Undefined index: m_name E:\AppServ\www\cms\Application\Runtime\Cache\Admin\7696148077deb3318f068896547fcc46.php 第 32 行.
NOTIC: [8] Undefined index: m_id E:\AppServ\www\cms\Application\Runtime\Cache\Admin\7696148077deb3318f068896547fcc46.php 第 31 行.
NOTIC: [8] Undefined index: m_name E:\AppServ\www\cms\Application\Runtime\Cache\Admin\7696148077deb3318f068896547fcc46.php 第 32 行.
NOTIC: [8] Undefined index: m_id E:\AppServ\www\cms\Application\Runtime\Cache\Admin\7696148077deb3318f068896547fcc46.php 第 31 行.
NOTIC: [8] Undefined index: m_name E:\AppServ\www\cms\Application\Runtime\Cache\Admin\7696148077deb3318f068896547fcc46.php 第 32 行.
NOTIC: [8] Undefined index: m_id E:\AppServ\www\cms\Application\Runtime\Cache\Admin\7696148077deb3318f068896547fcc46.php 第 31 行.
NOTIC: [8] Undefined index: m_name E:\AppServ\www\cms\Application\Runtime\Cache\Admin\7696148077deb3318f068896547fcc46.php 第 32 行.
INFO: Run Behavior\ParseTemplateBehavior [ RunTime:0.010759s ]
INFO: [ view_parse ] --END-- [ RunTime:0.010842s ]
INFO: [ view_filter ] --START--
INFO: Run Behavior\WriteHtmlCacheBehavior [ RunTime:0.000704s ]
INFO: [ view_filter ] --END-- [ RunTime:0.000749s ]
INFO: [ app_end ] --START--
INFO: Run Behavior\ShowPageTraceBehavior [ RunTime:0.001013s ]
INFO: [ app_end ] --END-- [ RunTime:0.001072s ]

[ 2016-12-18T11:33:11+08:00 ] ::1 /cms/index.php/Admin/Menu/pass.html
INFO: [ app_init ] --START--
INFO: Run Behavior\BuildLiteBehavior [ RunTime:0.000015s ]
INFO: [ app_init ] --END-- [ RunTime:0.000542s ]
INFO: [ app_begin ] --START--
INFO: Run Behavior\ReadHtmlCacheBehavior [ RunTime:0.000656s ]
INFO: [ app_begin ] --END-- [ RunTime:0.000700s ]
SQL: SHOW COLUMNS FROM `think_menu` [ RunTime:0.0014s ]
NOTIC: [2] Missing argument 2 for Admin\Model\MenuModel::getMenu(), called in E:\AppServ\www\cms\Application\Admin\Controller\MenuController.class.php on line 15 and defined E:\AppServ\www\cms\Application\Admin\Model\MenuModel.class.php 第 13 行.
NOTIC: [8] Undefined variable: page E:\AppServ\www\cms\Application\Admin\Model\MenuModel.class.php 第 15 行.
NOTIC: [8] Use of undefined constant pageSize - assumed 'pageSize' E:\AppServ\www\cms\Application\Admin\Model\MenuModel.class.php 第 15 行.
SQL: SELECT * FROM `think_menu` LIMIT 0,10   [ RunTime:0.0004s ]
INFO: [ view_parse ] --START--
INFO: [ template_filter ] --START--
INFO: Run Behavior\ContentReplaceBehavior [ RunTime:0.000048s ]
INFO: [ template_filter ] --END-- [ RunTime:0.000108s ]
INFO: Run Behavior\ParseTemplateBehavior [ RunTime:0.007496s ]
INFO: [ view_parse ] --END-- [ RunTime:0.007548s ]
INFO: [ view_filter ] --START--
INFO: Run Behavior\WriteHtmlCacheBehavior [ RunTime:0.000610s ]
INFO: [ view_filter ] --END-- [ RunTime:0.000649s ]
INFO: [ app_end ] --START--
INFO: Run Behavior\ShowPageTraceBehavior [ RunTime:0.000757s ]
INFO: [ app_end ] --END-- [ RunTime:0.000795s ]

[ 2016-12-18T11:33:13+08:00 ] ::1 /cms/index.php/Admin/Menu/pass.html
INFO: [ app_init ] --START--
INFO: Run Behavior\BuildLiteBehavior [ RunTime:0.000019s ]
INFO: [ app_init ] --END-- [ RunTime:0.000515s ]
INFO: [ app_begin ] --START--
INFO: Run Behavior\ReadHtmlCacheBehavior [ RunTime:0.001308s ]
INFO: [ app_begin ] --END-- [ RunTime:0.001390s ]
SQL: SHOW COLUMNS FROM `think_menu` [ RunTime:0.0022s ]
NOTIC: [2] Missing argument 2 for Admin\Model\MenuModel::getMenu(), called in E:\AppServ\www\cms\Application\Admin\Controller\MenuController.class.php on line 15 and defined E:\AppServ\www\cms\Application\Admin\Model\MenuModel.class.php 第 13 行.
NOTIC: [8] Undefined variable: page E:\AppServ\www\cms\Application\Admin\Model\MenuModel.class.php 第 15 行.
NOTIC: [8] Use of undefined constant pageSize - assumed 'pageSize' E:\AppServ\www\cms\Application\Admin\Model\MenuModel.class.php 第 15 行.
SQL: SELECT * FROM `think_menu` LIMIT 0,10   [ RunTime:0.0003s ]
INFO: [ view_parse ] --START--
INFO: [ template_filter ] --START--
INFO: Run Behavior\ContentReplaceBehavior [ RunTime:0.000059s ]
INFO: [ template_filter ] --END-- [ RunTime:0.000131s ]
INFO: Run Behavior\ParseTemplateBehavior [ RunTime:0.008713s ]
INFO: [ view_parse ] --END-- [ RunTime:0.008787s ]
INFO: [ view_filter ] --START--
INFO: Run Behavior\WriteHtmlCacheBehavior [ RunTime:0.000804s ]
INFO: [ view_filter ] --END-- [ RunTime:0.000860s ]
INFO: [ app_end ] --START--
INFO: Run Behavior\ShowPageTraceBehavior [ RunTime:0.000995s ]
INFO: [ app_end ] --END-- [ RunTime:0.001058s ]

[ 2016-12-18T11:33:31+08:00 ] ::1 /cms/index.php/Admin/Menu/add
INFO: [ app_init ] --START--
INFO: Run Behavior\BuildLiteBehavior [ RunTime:0.000014s ]
INFO: [ app_init ] --END-- [ RunTime:0.000538s ]
INFO: [ app_begin ] --START--
INFO: Run Behavior\ReadHtmlCacheBehavior [ RunTime:0.000796s ]
INFO: [ app_begin ] --END-- [ RunTime:0.000865s ]
INFO: [ view_parse ] --START--
INFO: [ template_filter ] --START--
INFO: Run Behavior\ContentReplaceBehavior [ RunTime:0.000053s ]
INFO: [ template_filter ] --END-- [ RunTime:0.000111s ]
INFO: Run Behavior\ParseTemplateBehavior [ RunTime:0.006976s ]
INFO: [ view_parse ] --END-- [ RunTime:0.007035s ]
INFO: [ view_filter ] --START--
INFO: Run Behavior\WriteHtmlCacheBehavior [ RunTime:0.000592s ]
INFO: [ view_filter ] --END-- [ RunTime:0.000631s ]
INFO: [ app_end ] --START--
INFO: Run Behavior\ShowPageTraceBehavior [ RunTime:0.000754s ]
INFO: [ app_end ] --END-- [ RunTime:0.000796s ]

[ 2016-12-18T11:33:35+08:00 ] ::1 /cms/index.php/Admin/Menu/add
INFO: [ app_init ] --START--
INFO: Run Behavior\BuildLiteBehavior [ RunTime:0.000013s ]
INFO: [ app_init ] --END-- [ RunTime:0.000580s ]
INFO: [ app_begin ] --START--
INFO: Run Behavior\ReadHtmlCacheBehavior [ RunTime:0.000647s ]
INFO: [ app_begin ] --END-- [ RunTime:0.000704s ]
SQL: SHOW COLUMNS FROM `think_menu` [ RunTime:0.0006s ]
SQL: INSERT INTO `think_menu` (`m_name`) VALUES ('你好') [ RunTime:0.0630s ]

[ 2016-12-18T11:33:35+08:00 ] ::1 /cms/index.php/Admin/Menu/pass
INFO: [ app_init ] --START--
INFO: Run Behavior\BuildLiteBehavior [ RunTime:0.000012s ]
INFO: [ app_init ] --END-- [ RunTime:0.000513s ]
INFO: [ app_begin ] --START--
INFO: Run Behavior\ReadHtmlCacheBehavior [ RunTime:0.000673s ]
INFO: [ app_begin ] --END-- [ RunTime:0.000730s ]
SQL: SHOW COLUMNS FROM `think_menu` [ RunTime:0.0006s ]
NOTIC: [2] Missing argument 2 for Admin\Model\MenuModel::getMenu(), called in E:\AppServ\www\cms\Application\Admin\Controller\MenuController.class.php on line 15 and defined E:\AppServ\www\cms\Application\Admin\Model\MenuModel.class.php 第 13 行.
NOTIC: [8] Undefined variable: page E:\AppServ\www\cms\Application\Admin\Model\MenuModel.class.php 第 15 行.
NOTIC: [8] Use of undefined constant pageSize - assumed 'pageSize' E:\AppServ\www\cms\Application\Admin\Model\MenuModel.class.php 第 15 行.
SQL: SELECT * FROM `think_menu` LIMIT 0,10   [ RunTime:0.0003s ]
INFO: [ view_parse ] --START--
INFO: [ template_filter ] --START--
INFO: Run Behavior\ContentReplaceBehavior [ RunTime:0.000042s ]
INFO: [ template_filter ] --END-- [ RunTime:0.000090s ]
INFO: Run Behavior\ParseTemplateBehavior [ RunTime:0.008161s ]
INFO: [ view_parse ] --END-- [ RunTime:0.008217s ]
INFO: [ view_filter ] --START--
INFO: Run Behavior\WriteHtmlCacheBehavior [ RunTime:0.000563s ]
INFO: [ view_filter ] --END-- [ RunTime:0.000600s ]
INFO: [ app_end ] --START--
INFO: Run Behavior\ShowPageTraceBehavior [ RunTime:0.000786s ]
INFO: [ app_end ] --END-- [ RunTime:0.000824s ]

[ 2016-12-18T11:39:23+08:00 ] ::1 /cms/index.php/Admin/Menu/main
INFO: [ app_init ] --START--
INFO: Run Behavior\BuildLiteBehavior [ RunTime:0.000020s ]
INFO: [ app_init ] --END-- [ RunTime:0.000781s ]
INFO: [ app_begin ] --START--
INFO: Run Behavior\ReadHtmlCacheBehavior [ RunTime:0.000687s ]
INFO: [ app_begin ] --END-- [ RunTime:0.000739s ]
INFO: [ view_parse ] --START--
INFO: [ template_filter ] --START--
INFO: Run Behavior\ContentReplaceBehavior [ RunTime:0.000047s ]
INFO: [ template_filter ] --END-- [ RunTime:0.000091s ]
INFO: Run Behavior\ParseTemplateBehavior [ RunTime:0.006738s ]
INFO: [ view_parse ] --END-- [ RunTime:0.006789s ]
INFO: [ view_filter ] --START--
INFO: Run Behavior\WriteHtmlCacheBehavior [ RunTime:0.000540s ]
INFO: [ view_filter ] --END-- [ RunTime:0.000578s ]
INFO: [ app_end ] --START--
INFO: Run Behavior\ShowPageTraceBehavior [ RunTime:0.000757s ]
INFO: [ app_end ] --END-- [ RunTime:0.000800s ]

[ 2016-12-18T11:39:24+08:00 ] ::1 /cms/index.php/Admin/Menu/info.html
INFO: [ app_init ] --START--
INFO: Run Behavior\BuildLiteBehavior [ RunTime:0.000022s ]
INFO: [ app_init ] --END-- [ RunTime:0.000806s ]
INFO: [ app_begin ] --START--
INFO: Run Behavior\ReadHtmlCacheBehavior [ RunTime:0.001522s ]
INFO: [ app_begin ] --END-- [ RunTime:0.001668s ]
INFO: [ view_parse ] --START--
INFO: [ template_filter ] --START--
INFO: Run Behavior\ContentReplaceBehavior [ RunTime:0.000102s ]
INFO: [ template_filter ] --END-- [ RunTime:0.000197s ]
INFO: Run Behavior\ParseTemplateBehavior [ RunTime:0.014028s ]
INFO: [ view_parse ] --END-- [ RunTime:0.014154s ]
INFO: [ view_filter ] --START--
INFO: Run Behavior\WriteHtmlCacheBehavior [ RunTime:0.001278s ]
INFO: [ view_filter ] --END-- [ RunTime:0.001367s ]
INFO: [ app_end ] --START--
INFO: Run Behavior\ShowPageTraceBehavior [ RunTime:0.001507s ]
INFO: [ app_end ] --END-- [ RunTime:0.001601s ]

[ 2016-12-18T11:39:25+08:00 ] ::1 /cms/index.php/Admin/Menu/pass.html
INFO: [ app_init ] --START--
INFO: Run Behavior\BuildLiteBehavior [ RunTime:0.000012s ]
INFO: [ app_init ] --END-- [ RunTime:0.000540s ]
INFO: [ app_begin ] --START--
INFO: Run Behavior\ReadHtmlCacheBehavior [ RunTime:0.000692s ]
INFO: [ app_begin ] --END-- [ RunTime:0.000745s ]
SQL: SHOW COLUMNS FROM `think_menu` [ RunTime:0.0009s ]
NOTIC: [2] Missing argument 2 for Admin\Model\MenuModel::getMenu(), called in E:\AppServ\www\cms\Application\Admin\Controller\MenuController.class.php on line 15 and defined E:\AppServ\www\cms\Application\Admin\Model\MenuModel.class.php 第 13 行.
NOTIC: [8] Undefined variable: page E:\AppServ\www\cms\Application\Admin\Model\MenuModel.class.php 第 15 行.
NOTIC: [8] Use of undefined constant pageSize - assumed 'pageSize' E:\AppServ\www\cms\Application\Admin\Model\MenuModel.class.php 第 15 行.
SQL: SELECT * FROM `think_menu` LIMIT 0,10   [ RunTime:0.0003s ]
INFO: [ view_parse ] --START--
INFO: [ template_filter ] --START--
INFO: Run Behavior\ContentReplaceBehavior [ RunTime:0.000069s ]
INFO: [ template_filter ] --END-- [ RunTime:0.000149s ]
INFO: Run Behavior\ParseTemplateBehavior [ RunTime:0.008868s ]
INFO: [ view_parse ] --END-- [ RunTime:0.008933s ]
INFO: [ view_filter ] --START--
INFO: Run Behavior\WriteHtmlCacheBehavior [ RunTime:0.000542s ]
INFO: [ view_filter ] --END-- [ RunTime:0.000586s ]
INFO: [ app_end ] --START--
INFO: Run Behavior\ShowPageTraceBehavior [ RunTime:0.000739s ]
INFO: [ app_end ] --END-- [ RunTime:0.000783s ]

[ 2016-12-18T11:40:06+08:00 ] ::1 /cms/index.php/Admin/Menu/main
INFO: [ app_init ] --START--
INFO: Run Behavior\BuildLiteBehavior [ RunTime:0.000014s ]
INFO: [ app_init ] --END-- [ RunTime:0.000627s ]
INFO: [ app_begin ] --START--
INFO: Run Behavior\ReadHtmlCacheBehavior [ RunTime:0.001283s ]
INFO: [ app_begin ] --END-- [ RunTime:0.001356s ]
INFO: [ view_parse ] --START--
INFO: [ template_filter ] --START--
INFO: Run Behavior\ContentReplaceBehavior [ RunTime:0.000049s ]
INFO: [ template_filter ] --END-- [ RunTime:0.000104s ]
INFO: Run Behavior\ParseTemplateBehavior [ RunTime:0.007431s ]
INFO: [ view_parse ] --END-- [ RunTime:0.007492s ]
INFO: [ view_filter ] --START--
INFO: Run Behavior\WriteHtmlCacheBehavior [ RunTime:0.000905s ]
INFO: [ view_filter ] --END-- [ RunTime:0.000973s ]
INFO: [ app_end ] --START--
INFO: Run Behavior\ShowPageTraceBehavior [ RunTime:0.000930s ]
INFO: [ app_end ] --END-- [ RunTime:0.000995s ]

[ 2016-12-18T11:40:06+08:00 ] ::1 /cms/index.php/Admin/Menu/info.html
INFO: [ app_init ] --START--
INFO: Run Behavior\BuildLiteBehavior [ RunTime:0.000017s ]
INFO: [ app_init ] --END-- [ RunTime:0.000558s ]
INFO: [ app_begin ] --START--
INFO: Run Behavior\ReadHtmlCacheBehavior [ RunTime:0.001291s ]
INFO: [ app_begin ] --END-- [ RunTime:0.001379s ]
INFO: [ view_parse ] --START--
INFO: [ template_filter ] --START--
INFO: Run Behavior\ContentReplaceBehavior [ RunTime:0.000141s ]
INFO: [ template_filter ] --END-- [ RunTime:0.000274s ]
INFO: Run Behavior\ParseTemplateBehavior [ RunTime:0.016034s ]
INFO: [ view_parse ] --END-- [ RunTime:0.016153s ]
INFO: [ view_filter ] --START--
INFO: Run Behavior\WriteHtmlCacheBehavior [ RunTime:0.001320s ]
INFO: [ view_filter ] --END-- [ RunTime:0.001415s ]
INFO: [ app_end ] --START--
INFO: Run Behavior\ShowPageTraceBehavior [ RunTime:0.001261s ]
INFO: [ app_end ] --END-- [ RunTime:0.001352s ]

[ 2016-12-18T11:40:07+08:00 ] ::1 /cms/index.php/Admin/Menu/pass.html
INFO: [ app_init ] --START--
INFO: Run Behavior\BuildLiteBehavior [ RunTime:0.000018s ]
INFO: [ app_init ] --END-- [ RunTime:0.000585s ]
INFO: [ app_begin ] --START--
INFO: Run Behavior\ReadHtmlCacheBehavior [ RunTime:0.000666s ]
INFO: [ app_begin ] --END-- [ RunTime:0.000727s ]
SQL: SHOW COLUMNS FROM `think_menu` [ RunTime:0.0010s ]
NOTIC: [2] Missing argument 2 for Admin\Model\MenuModel::getMenu(), called in E:\AppServ\www\cms\Application\Admin\Controller\MenuController.class.php on line 15 and defined E:\AppServ\www\cms\Application\Admin\Model\MenuModel.class.php 第 13 行.
NOTIC: [8] Undefined variable: page E:\AppServ\www\cms\Application\Admin\Model\MenuModel.class.php 第 15 行.
NOTIC: [8] Use of undefined constant pageSize - assumed 'pageSize' E:\AppServ\www\cms\Application\Admin\Model\MenuModel.class.php 第 15 行.
SQL: SELECT * FROM `think_menu` LIMIT 0,10   [ RunTime:0.0003s ]
INFO: [ view_parse ] --START--
INFO: [ template_filter ] --START--
INFO: Run Behavior\ContentReplaceBehavior [ RunTime:0.000092s ]
INFO: [ template_filter ] --END-- [ RunTime:0.000211s ]
INFO: Run Behavior\ParseTemplateBehavior [ RunTime:0.011199s ]
INFO: [ view_parse ] --END-- [ RunTime:0.011263s ]
INFO: [ view_filter ] --START--
INFO: Run Behavior\WriteHtmlCacheBehavior [ RunTime:0.000553s ]
INFO: [ view_filter ] --END-- [ RunTime:0.000594s ]
INFO: [ app_end ] --START--
INFO: Run Behavior\ShowPageTraceBehavior [ RunTime:0.000715s ]
INFO: [ app_end ] --END-- [ RunTime:0.000753s ]

[ 2016-12-18T11:40:43+08:00 ] ::1 /cms/index.php/Admin/Menu/pass.html
INFO: [ app_init ] --START--
INFO: Run Behavior\BuildLiteBehavior [ RunTime:0.000012s ]
INFO: [ app_init ] --END-- [ RunTime:0.000565s ]
INFO: [ app_begin ] --START--
INFO: Run Behavior\ReadHtmlCacheBehavior [ RunTime:0.000681s ]
INFO: [ app_begin ] --END-- [ RunTime:0.000730s ]
SQL: SHOW COLUMNS FROM `think_menu` [ RunTime:0.0006s ]
NOTIC: [2] Missing argument 2 for Admin\Model\MenuModel::getMenu(), called in E:\AppServ\www\cms\Application\Admin\Controller\MenuController.class.php on line 15 and defined E:\AppServ\www\cms\Application\Admin\Model\MenuModel.class.php 第 13 行.
NOTIC: [8] Undefined variable: page E:\AppServ\www\cms\Application\Admin\Model\MenuModel.class.php 第 15 行.
NOTIC: [8] Use of undefined constant pageSize - assumed 'pageSize' E:\AppServ\www\cms\Application\Admin\Model\MenuModel.class.php 第 15 行.
SQL: SELECT * FROM `think_menu` LIMIT 0,10   [ RunTime:0.0003s ]
INFO: [ view_parse ] --START--
INFO: [ template_filter ] --START--
INFO: Run Behavior\ContentReplaceBehavior [ RunTime:0.000061s ]
INFO: [ template_filter ] --END-- [ RunTime:0.000110s ]
INFO: Run Behavior\ParseTemplateBehavior [ RunTime:0.007913s ]
INFO: [ view_parse ] --END-- [ RunTime:0.007973s ]
INFO: [ view_filter ] --START--
INFO: Run Behavior\WriteHtmlCacheBehavior [ RunTime:0.000562s ]
INFO: [ view_filter ] --END-- [ RunTime:0.000600s ]
INFO: [ app_end ] --START--
INFO: Run Behavior\ShowPageTraceBehavior [ RunTime:0.000740s ]
INFO: [ app_end ] --END-- [ RunTime:0.000781s ]

[ 2016-12-18T11:41:25+08:00 ] ::1 /cms/index.php/Admin/Menu/pass.html
INFO: [ app_init ] --START--
INFO: Run Behavior\BuildLiteBehavior [ RunTime:0.000013s ]
INFO: [ app_init ] --END-- [ RunTime:0.000552s ]
INFO: [ app_begin ] --START--
INFO: Run Behavior\ReadHtmlCacheBehavior [ RunTime:0.000736s ]
INFO: [ app_begin ] --END-- [ RunTime:0.000793s ]
SQL: SHOW COLUMNS FROM `think_menu` [ RunTime:0.0006s ]
NOTIC: [2] Missing argument 2 for Admin\Model\MenuModel::getMenu(), called in E:\AppServ\www\cms\Application\Admin\Controller\MenuController.class.php on line 15 and defined E:\AppServ\www\cms\Application\Admin\Model\MenuModel.class.php 第 13 行.
NOTIC: [8] Undefined variable: page E:\AppServ\www\cms\Application\Admin\Model\MenuModel.class.php 第 15 行.
NOTIC: [8] Use of undefined constant pageSize - assumed 'pageSize' E:\AppServ\www\cms\Application\Admin\Model\MenuModel.class.php 第 15 行.
SQL: SELECT * FROM `think_menu` LIMIT 0,10   [ RunTime:0.0003s ]
INFO: [ view_parse ] --START--
INFO: [ template_filter ] --START--
INFO: Run Behavior\ContentReplaceBehavior [ RunTime:0.000042s ]
INFO: [ template_filter ] --END-- [ RunTime:0.000088s ]
INFO: Run Behavior\ParseTemplateBehavior [ RunTime:0.008250s ]
INFO: [ view_parse ] --END-- [ RunTime:0.008306s ]
INFO: [ view_filter ] --START--
INFO: Run Behavior\WriteHtmlCacheBehavior [ RunTime:0.000665s ]
INFO: [ view_filter ] --END-- [ RunTime:0.000714s ]
INFO: [ app_end ] --START--
INFO: Run Behavior\ShowPageTraceBehavior [ RunTime:0.001035s ]
INFO: [ app_end ] --END-- [ RunTime:0.001087s ]

